[debug] [2022-11-03T18:06:52.017Z] ----------------------------------------------------------------------
[debug] [2022-11-03T18:06:52.019Z] Command:       C:\Program Files\nodejs\node.exe C:\Users\gtcs\AppData\Roaming\npm\node_modules\firebase-tools\lib\bin\firebase.js init
[debug] [2022-11-03T18:06:52.019Z] CLI Version:   11.16.0
[debug] [2022-11-03T18:06:52.019Z] Platform:      win32
[debug] [2022-11-03T18:06:52.019Z] Node Version:  v16.16.0
[debug] [2022-11-03T18:06:52.020Z] Time:          Fri Nov 04 2022 00:06:52 GMT+0600 (Bangladesh Standard Time)
[debug] [2022-11-03T18:06:52.020Z] ----------------------------------------------------------------------
[debug] 
[debug] [2022-11-03T18:06:52.077Z] > command requires scopes: ["email","openid","https://www.googleapis.com/auth/cloudplatformprojects.readonly","https://www.googleapis.com/auth/firebase","https://www.googleapis.com/auth/cloud-platform"]
[debug] [2022-11-03T18:06:52.078Z] > authorizing via signed-in user (kanizfatima528@gmail.com)
[info] 
     ######## #### ########  ######## ########     ###     ######  ########
     ##        ##  ##     ## ##       ##     ##  ##   ##  ##       ##
     ######    ##  ########  ######   ########  #########  ######  ######
     ##        ##  ##    ##  ##       ##     ## ##     ##       ## ##
     ##       #### ##     ## ######## ########  ##     ##  ######  ########

You're about to initialize a Firebase project in this directory:

  C:\projects\dream home\dream-home

Before we get started, keep in mind:

  * You are currently outside your home directory
  * You are initializing within an existing Firebase project directory

[info] 
=== Project Setup
[info] 
[info] First, let's associate this project directory with a Firebase project.
[info] You can create multiple project aliases by running firebase use --add, 
[info] but for now we'll just set up a default project.
[info] 
[debug] [2022-11-03T18:07:07.302Z] Using project from CLI flag: dream-home-1d288
[debug] [2022-11-03T18:07:07.305Z] >>> [apiv2][query] GET https://firebase.googleapis.com/v1beta1/projects/dream-home-1d288 [none]
[debug] [2022-11-03T18:07:07.320Z] Failed to make request to https://firebase.googleapis.com/v1beta1/projects/dream-home-1d288
[debug] [2022-11-03T18:07:07.324Z] FirebaseError: Failed to make request to https://firebase.googleapis.com/v1beta1/projects/dream-home-1d288
    at RetryOperation._fn (C:\Users\gtcs\AppData\Roaming\npm\node_modules\firebase-tools\lib\apiv2.js:242:31)
    at processTicksAndRejections (node:internal/process/task_queues:96:5)
[error] 
[error] Error: Failed to get Firebase project dream-home-1d288. Please make sure the project exists and your account has permission to access it.
